c:\users\user\documents\visual studio 2012\projects\проект1\проект1\debug\.netframework,version=v4.5.assemblyattributes.obj
c:\users\user\documents\visual studio 2012\projects\проект1\проект1\debug\vc110.pdb
c:\users\user\documents\visual studio 2012\projects\проект1\проект1\debug\myform.obj
c:\users\user\documents\visual studio 2012\projects\проект1\проект1\debug\fact.obj
c:\users\user\documents\visual studio 2012\projects\проект1\debug\проект1.ilk
c:\users\user\documents\visual studio 2012\projects\проект1\debug\проект1.exe
c:\users\user\documents\visual studio 2012\projects\проект1\debug\проект1.pdb
c:\users\user\documents\visual studio 2012\projects\проект1\проект1\debug\проект1.myform.resources
c:\users\user\documents\visual studio 2012\проект1\проект1\debug\vc142.pdb
c:\users\user\documents\visual studio 2012\проект1\проект1\debug\.netframework,version=v4.5.assemblyattributes.obj
c:\users\user\documents\visual studio 2012\проект1\проект1\debug\fact.obj
c:\users\user\documents\visual studio 2012\проект1\проект1\debug\myform.obj
c:\users\user\documents\visual studio 2012\проект1\debug\проект1.exe
c:\users\user\documents\visual studio 2012\проект1\debug\проект1.pdb
c:\users\user\documents\visual studio 2012\проект1\проект1\debug\проект1.myform.resources
c:\users\user\documents\visual studio 2012\проект1\проект1\debug\проект1.vcxprojresolveassemblyreference.cache
c:\users\user\documents\visual studio 2012\проект1\проект1\debug\cl.command.1.tlog
c:\users\user\documents\visual studio 2012\проект1\проект1\debug\cl.read.1.tlog
c:\users\user\documents\visual studio 2012\проект1\проект1\debug\cl.write.1.tlog
c:\users\user\documents\visual studio 2012\проект1\проект1\debug\link.1840-cvtres.read.1.tlog
c:\users\user\documents\visual studio 2012\проект1\проект1\debug\link.1840-cvtres.write.1.tlog
c:\users\user\documents\visual studio 2012\проект1\проект1\debug\link.1840-rc.read.1.tlog
c:\users\user\documents\visual studio 2012\проект1\проект1\debug\link.1840-rc.write.1.tlog
c:\users\user\documents\visual studio 2012\проект1\проект1\debug\link.1840.read.1.tlog
c:\users\user\documents\visual studio 2012\проект1\проект1\debug\link.1840.write.1.tlog
c:\users\user\documents\visual studio 2012\проект1\проект1\debug\link.3592-cvtres.read.1.tlog
c:\users\user\documents\visual studio 2012\проект1\проект1\debug\link.3592-cvtres.write.1.tlog
c:\users\user\documents\visual studio 2012\проект1\проект1\debug\link.3592-rc.read.1.tlog
c:\users\user\documents\visual studio 2012\проект1\проект1\debug\link.3592-rc.write.1.tlog
c:\users\user\documents\visual studio 2012\проект1\проект1\debug\link.3592.read.1.tlog
c:\users\user\documents\visual studio 2012\проект1\проект1\debug\link.3592.write.1.tlog
c:\users\user\documents\visual studio 2012\проект1\проект1\debug\link.3732-cvtres.read.1.tlog
c:\users\user\documents\visual studio 2012\проект1\проект1\debug\link.3732-cvtres.write.1.tlog
c:\users\user\documents\visual studio 2012\проект1\проект1\debug\link.3732-rc.read.1.tlog
c:\users\user\documents\visual studio 2012\проект1\проект1\debug\link.3732-rc.write.1.tlog
c:\users\user\documents\visual studio 2012\проект1\проект1\debug\link.3732.read.1.tlog
c:\users\user\documents\visual studio 2012\проект1\проект1\debug\link.3732.write.1.tlog
c:\users\user\documents\visual studio 2012\проект1\проект1\debug\link.4644.read.1.tlog
c:\users\user\documents\visual studio 2012\проект1\проект1\debug\link.4644.write.1.tlog
c:\users\user\documents\visual studio 2012\проект1\проект1\debug\link.5104-cvtres.read.1.tlog
c:\users\user\documents\visual studio 2012\проект1\проект1\debug\link.5104-cvtres.write.1.tlog
c:\users\user\documents\visual studio 2012\проект1\проект1\debug\link.5104-rc.read.1.tlog
c:\users\user\documents\visual studio 2012\проект1\проект1\debug\link.5104-rc.write.1.tlog
c:\users\user\documents\visual studio 2012\проект1\проект1\debug\link.5104.read.1.tlog
c:\users\user\documents\visual studio 2012\проект1\проект1\debug\link.5104.write.1.tlog
c:\users\user\documents\visual studio 2012\проект1\проект1\debug\link.5516-cvtres.read.1.tlog
c:\users\user\documents\visual studio 2012\проект1\проект1\debug\link.5516-cvtres.write.1.tlog
c:\users\user\documents\visual studio 2012\проект1\проект1\debug\link.5516-rc.read.1.tlog
c:\users\user\documents\visual studio 2012\проект1\проект1\debug\link.5516-rc.write.1.tlog
c:\users\user\documents\visual studio 2012\проект1\проект1\debug\link.5516.read.1.tlog
c:\users\user\documents\visual studio 2012\проект1\проект1\debug\link.5516.write.1.tlog
c:\users\user\documents\visual studio 2012\проект1\проект1\debug\link.5640-cvtres.read.1.tlog
c:\users\user\documents\visual studio 2012\проект1\проект1\debug\link.5640-cvtres.write.1.tlog
c:\users\user\documents\visual studio 2012\проект1\проект1\debug\link.5640-rc.read.1.tlog
c:\users\user\documents\visual studio 2012\проект1\проект1\debug\link.5640-rc.write.1.tlog
c:\users\user\documents\visual studio 2012\проект1\проект1\debug\link.5640.read.1.tlog
c:\users\user\documents\visual studio 2012\проект1\проект1\debug\link.5640.write.1.tlog
c:\users\user\documents\visual studio 2012\проект1\проект1\debug\link.5864-cvtres.read.1.tlog
c:\users\user\documents\visual studio 2012\проект1\проект1\debug\link.5864-cvtres.write.1.tlog
c:\users\user\documents\visual studio 2012\проект1\проект1\debug\link.5864-rc.read.1.tlog
c:\users\user\documents\visual studio 2012\проект1\проект1\debug\link.5864-rc.write.1.tlog
c:\users\user\documents\visual studio 2012\проект1\проект1\debug\link.5864.read.1.tlog
c:\users\user\documents\visual studio 2012\проект1\проект1\debug\link.5864.write.1.tlog
c:\users\user\documents\visual studio 2012\проект1\проект1\debug\link.6276-cvtres.read.1.tlog
c:\users\user\documents\visual studio 2012\проект1\проект1\debug\link.6276-cvtres.write.1.tlog
c:\users\user\documents\visual studio 2012\проект1\проект1\debug\link.6276-rc.read.1.tlog
c:\users\user\documents\visual studio 2012\проект1\проект1\debug\link.6276-rc.write.1.tlog
c:\users\user\documents\visual studio 2012\проект1\проект1\debug\link.6276.read.1.tlog
c:\users\user\documents\visual studio 2012\проект1\проект1\debug\link.6276.write.1.tlog
c:\users\user\documents\visual studio 2012\проект1\проект1\debug\link.6328-cvtres.read.1.tlog
c:\users\user\documents\visual studio 2012\проект1\проект1\debug\link.6328-cvtres.write.1.tlog
c:\users\user\documents\visual studio 2012\проект1\проект1\debug\link.6328-rc.read.1.tlog
c:\users\user\documents\visual studio 2012\проект1\проект1\debug\link.6328-rc.write.1.tlog
c:\users\user\documents\visual studio 2012\проект1\проект1\debug\link.6328.read.1.tlog
c:\users\user\documents\visual studio 2012\проект1\проект1\debug\link.6328.write.1.tlog
c:\users\user\documents\visual studio 2012\проект1\проект1\debug\link.6460-cvtres.read.1.tlog
c:\users\user\documents\visual studio 2012\проект1\проект1\debug\link.6460-cvtres.write.1.tlog
c:\users\user\documents\visual studio 2012\проект1\проект1\debug\link.6460-rc.read.1.tlog
c:\users\user\documents\visual studio 2012\проект1\проект1\debug\link.6460-rc.write.1.tlog
c:\users\user\documents\visual studio 2012\проект1\проект1\debug\link.6460.read.1.tlog
c:\users\user\documents\visual studio 2012\проект1\проект1\debug\link.6460.write.1.tlog
c:\users\user\documents\visual studio 2012\проект1\проект1\debug\link.6560-cvtres.read.1.tlog
c:\users\user\documents\visual studio 2012\проект1\проект1\debug\link.6560-cvtres.write.1.tlog
c:\users\user\documents\visual studio 2012\проект1\проект1\debug\link.6560-rc.read.1.tlog
c:\users\user\documents\visual studio 2012\проект1\проект1\debug\link.6560-rc.write.1.tlog
c:\users\user\documents\visual studio 2012\проект1\проект1\debug\link.6560.read.1.tlog
c:\users\user\documents\visual studio 2012\проект1\проект1\debug\link.6560.write.1.tlog
c:\users\user\documents\visual studio 2012\проект1\проект1\debug\link.6580-cvtres.read.1.tlog
c:\users\user\documents\visual studio 2012\проект1\проект1\debug\link.6580-cvtres.write.1.tlog
c:\users\user\documents\visual studio 2012\проект1\проект1\debug\link.6580-rc.read.1.tlog
c:\users\user\documents\visual studio 2012\проект1\проект1\debug\link.6580-rc.write.1.tlog
c:\users\user\documents\visual studio 2012\проект1\проект1\debug\link.6580.read.1.tlog
c:\users\user\documents\visual studio 2012\проект1\проект1\debug\link.6580.write.1.tlog
c:\users\user\documents\visual studio 2012\проект1\проект1\debug\link.6808-cvtres.read.1.tlog
c:\users\user\documents\visual studio 2012\проект1\проект1\debug\link.6808-cvtres.write.1.tlog
c:\users\user\documents\visual studio 2012\проект1\проект1\debug\link.6808-rc.read.1.tlog
c:\users\user\documents\visual studio 2012\проект1\проект1\debug\link.6808-rc.write.1.tlog
c:\users\user\documents\visual studio 2012\проект1\проект1\debug\link.6808.read.1.tlog
c:\users\user\documents\visual studio 2012\проект1\проект1\debug\link.6808.write.1.tlog
c:\users\user\documents\visual studio 2012\проект1\проект1\debug\link.6888-cvtres.read.1.tlog
c:\users\user\documents\visual studio 2012\проект1\проект1\debug\link.6888-cvtres.write.1.tlog
c:\users\user\documents\visual studio 2012\проект1\проект1\debug\link.6888-rc.read.1.tlog
c:\users\user\documents\visual studio 2012\проект1\проект1\debug\link.6888-rc.write.1.tlog
c:\users\user\documents\visual studio 2012\проект1\проект1\debug\link.6888.read.1.tlog
c:\users\user\documents\visual studio 2012\проект1\проект1\debug\link.6888.write.1.tlog
c:\users\user\documents\visual studio 2012\проект1\проект1\debug\link.command.1.tlog
c:\users\user\documents\visual studio 2012\проект1\проект1\debug\link.read.1.tlog
c:\users\user\documents\visual studio 2012\проект1\проект1\debug\link.write.1.tlog
c:\users\user\documents\visual studio 2012\проект1\проект1\debug\metagen.read.1.tlog
c:\users\user\documents\visual studio 2012\проект1\проект1\debug\metagen.write.1.tlog
c:\users\user\documents\visual studio 2012\проект1\проект1\debug\проект1.write.1.tlog
c:\users\user\documents\visual studio 2012\проект1\проект1\debug\vc110.pdb
c:\users\user\documents\visual studio 2012\проект1\проект1\debug\rsaenh.dll.bi
c:\users\user\documents\visual studio 2012\проект1\проект1\debug\tzres.dll.bi
c:\users\user\documents\visual studio 2012\проект1\проект1\debug\проект1.tlog\cl.command.1.tlog
c:\users\user\documents\visual studio 2012\проект1\проект1\debug\проект1.tlog\cl.read.1.tlog
c:\users\user\documents\visual studio 2012\проект1\проект1\debug\проект1.tlog\cl.write.1.tlog
c:\users\user\documents\visual studio 2012\проект1\проект1\debug\проект1.tlog\link.command.1.tlog
c:\users\user\documents\visual studio 2012\проект1\проект1\debug\проект1.tlog\link.read.1.tlog
c:\users\user\documents\visual studio 2012\проект1\проект1\debug\проект1.tlog\link.write.1.tlog
c:\users\user\documents\visual studio 2012\проект1\проект1\debug\проект1.tlog\metagen.read.1.tlog
c:\users\user\documents\visual studio 2012\проект1\проект1\debug\проект1.tlog\metagen.write.1.tlog
c:\users\user\documents\visual studio 2012\проект1\проект1\debug\проект1.tlog\проект1.write.1u.tlog
